::1 - - [05/Dec/2020:14:15:16 +0700] "GET / HTTP/1.1" 200 3477 "-" "Mozilla/5.0 (X11; Linux x86_64) AppleWebKit/537.36 (KHTML, like Gecko) Chrome/87.0.4280.88 Safari/537.36"
::1 - - [05/Dec/2020:14:15:17 +0700] "GET /icons/ubuntu-logo.png HTTP/1.1" 200 3623 "http://localhost/" "Mozilla/5.0 (X11; Linux x86_64) AppleWebKit/537.36 (KHTML, like Gecko) Chrome/87.0.4280.88 Safari/537.36"
::1 - - [05/Dec/2020:14:15:17 +0700] "GET /favicon.ico HTTP/1.1" 404 487 "http://localhost/" "Mozilla/5.0 (X11; Linux x86_64) AppleWebKit/537.36 (KHTML, like Gecko) Chrome/87.0.4280.88 Safari/537.36"
::1 - - [05/Dec/2020:14:16:08 +0700] "-" 408 0 "-" "-"
::1 - - [05/Dec/2020:15:13:01 +0700] "GET / HTTP/1.1" 200 3477 "-" "Mozilla/5.0 (X11; Linux x86_64) AppleWebKit/537.36 (KHTML, like Gecko) Chrome/87.0.4280.88 Safari/537.36"
::1 - - [05/Dec/2020:15:13:18 +0700] "GET /baitap HTTP/1.1" 301 568 "-" "Mozilla/5.0 (X11; Linux x86_64) AppleWebKit/537.36 (KHTML, like Gecko) Chrome/87.0.4280.88 Safari/537.36"
::1 - - [05/Dec/2020:15:13:18 +0700] "GET /baitap/ HTTP/1.1" 200 216 "-" "Mozilla/5.0 (X11; Linux x86_64) AppleWebKit/537.36 (KHTML, like Gecko) Chrome/87.0.4280.88 Safari/537.36"
::1 - - [05/Dec/2020:15:13:54 +0700] "GET /demo HTTP/1.1" 301 564 "-" "Mozilla/5.0 (X11; Linux x86_64) AppleWebKit/537.36 (KHTML, like Gecko) Chrome/87.0.4280.88 Safari/537.36"
::1 - - [05/Dec/2020:15:13:54 +0700] "GET /demo/ HTTP/1.1" 200 650 "-" "Mozilla/5.0 (X11; Linux x86_64) AppleWebKit/537.36 (KHTML, like Gecko) Chrome/87.0.4280.88 Safari/537.36"
::1 - - [05/Dec/2020:15:13:54 +0700] "GET /icons/back.gif HTTP/1.1" 200 500 "http://localhost/demo/" "Mozilla/5.0 (X11; Linux x86_64) AppleWebKit/537.36 (KHTML, like Gecko) Chrome/87.0.4280.88 Safari/537.36"
::1 - - [05/Dec/2020:15:13:54 +0700] "GET /icons/blank.gif HTTP/1.1" 200 431 "http://localhost/demo/" "Mozilla/5.0 (X11; Linux x86_64) AppleWebKit/537.36 (KHTML, like Gecko) Chrome/87.0.4280.88 Safari/537.36"
::1 - - [05/Dec/2020:15:14:52 +0700] "-" 408 0 "-" "-"
::1 - - [05/Dec/2020:15:14:52 +0700] "-" 408 0 "-" "-"
127.0.0.1 - - [07/Dec/2020:10:38:38 +0700] "GET / HTTP/1.1" 200 3477 "-" "Mozilla/5.0 (X11; Ubuntu; Linux x86_64; rv:83.0) Gecko/20100101 Firefox/83.0"
127.0.0.1 - - [07/Dec/2020:10:38:38 +0700] "GET /icons/ubuntu-logo.png HTTP/1.1" 200 3623 "http://localhost/" "Mozilla/5.0 (X11; Ubuntu; Linux x86_64; rv:83.0) Gecko/20100101 Firefox/83.0"
127.0.0.1 - - [07/Dec/2020:10:38:38 +0700] "GET /favicon.ico HTTP/1.1" 404 487 "http://localhost/" "Mozilla/5.0 (X11; Ubuntu; Linux x86_64; rv:83.0) Gecko/20100101 Firefox/83.0"
127.0.0.1 - - [07/Dec/2020:10:38:52 +0700] "GET /index.php HTTP/1.1" 404 488 "-" "Mozilla/5.0 (X11; Ubuntu; Linux x86_64; rv:83.0) Gecko/20100101 Firefox/83.0"
127.0.0.1 - - [07/Dec/2020:10:39:24 +0700] "GET /index.php HTTP/1.1" 404 488 "-" "Mozilla/5.0 (X11; Ubuntu; Linux x86_64; rv:83.0) Gecko/20100101 Firefox/83.0"
::1 - - [07/Dec/2020:10:41:46 +0700] "GET /server_time HTTP/1.1" 301 578 "-" "Mozilla/5.0 (X11; Linux x86_64) AppleWebKit/537.36 (KHTML, like Gecko) Chrome/87.0.4280.88 Safari/537.36"
::1 - - [07/Dec/2020:10:41:46 +0700] "GET /server_time/ HTTP/1.1" 200 210 "-" "Mozilla/5.0 (X11; Linux x86_64) AppleWebKit/537.36 (KHTML, like Gecko) Chrome/87.0.4280.88 Safari/537.36"
::1 - - [07/Dec/2020:10:41:46 +0700] "GET /favicon.ico HTTP/1.1" 404 487 "http://localhost/server_time/" "Mozilla/5.0 (X11; Linux x86_64) AppleWebKit/537.36 (KHTML, like Gecko) Chrome/87.0.4280.88 Safari/537.36"
::1 - - [07/Dec/2020:10:42:21 +0700] "GET /server_time/ HTTP/1.1" 200 393 "-" "Mozilla/5.0 (X11; Linux x86_64) AppleWebKit/537.36 (KHTML, like Gecko) Chrome/87.0.4280.88 Safari/537.36"
::1 - - [07/Dec/2020:10:43:04 +0700] "GET /server_time/ HTTP/1.1" 200 385 "-" "Mozilla/5.0 (X11; Linux x86_64) AppleWebKit/537.36 (KHTML, like Gecko) Chrome/87.0.4280.88 Safari/537.36"
::1 - - [07/Dec/2020:10:43:10 +0700] "GET /server_time/ HTTP/1.1" 200 385 "-" "Mozilla/5.0 (X11; Linux x86_64) AppleWebKit/537.36 (KHTML, like Gecko) Chrome/87.0.4280.88 Safari/537.36"
::1 - - [07/Dec/2020:10:43:12 +0700] "GET /server_time/ HTTP/1.1" 200 382 "-" "Mozilla/5.0 (X11; Linux x86_64) AppleWebKit/537.36 (KHTML, like Gecko) Chrome/87.0.4280.88 Safari/537.36"
::1 - - [07/Dec/2020:10:43:12 +0700] "GET /server_time/ HTTP/1.1" 200 382 "-" "Mozilla/5.0 (X11; Linux x86_64) AppleWebKit/537.36 (KHTML, like Gecko) Chrome/87.0.4280.88 Safari/537.36"
::1 - - [07/Dec/2020:10:43:13 +0700] "GET /server_time/ HTTP/1.1" 200 384 "-" "Mozilla/5.0 (X11; Linux x86_64) AppleWebKit/537.36 (KHTML, like Gecko) Chrome/87.0.4280.88 Safari/537.36"
::1 - - [07/Dec/2020:10:43:13 +0700] "GET /server_time/ HTTP/1.1" 200 384 "-" "Mozilla/5.0 (X11; Linux x86_64) AppleWebKit/537.36 (KHTML, like Gecko) Chrome/87.0.4280.88 Safari/537.36"
::1 - - [07/Dec/2020:10:43:14 +0700] "GET /server_time/ HTTP/1.1" 200 384 "-" "Mozilla/5.0 (X11; Linux x86_64) AppleWebKit/537.36 (KHTML, like Gecko) Chrome/87.0.4280.88 Safari/537.36"
::1 - - [07/Dec/2020:10:43:14 +0700] "GET /server_time/ HTTP/1.1" 200 384 "-" "Mozilla/5.0 (X11; Linux x86_64) AppleWebKit/537.36 (KHTML, like Gecko) Chrome/87.0.4280.88 Safari/537.36"
::1 - - [07/Dec/2020:10:43:14 +0700] "GET /server_time/ HTTP/1.1" 200 384 "-" "Mozilla/5.0 (X11; Linux x86_64) AppleWebKit/537.36 (KHTML, like Gecko) Chrome/87.0.4280.88 Safari/537.36"
::1 - - [07/Dec/2020:10:43:15 +0700] "GET /server_time/ HTTP/1.1" 200 384 "-" "Mozilla/5.0 (X11; Linux x86_64) AppleWebKit/537.36 (KHTML, like Gecko) Chrome/87.0.4280.88 Safari/537.36"
::1 - - [07/Dec/2020:10:43:15 +0700] "GET /server_time/ HTTP/1.1" 200 384 "-" "Mozilla/5.0 (X11; Linux x86_64) AppleWebKit/537.36 (KHTML, like Gecko) Chrome/87.0.4280.88 Safari/537.36"
::1 - - [07/Dec/2020:10:43:15 +0700] "GET /server_time/ HTTP/1.1" 200 384 "-" "Mozilla/5.0 (X11; Linux x86_64) AppleWebKit/537.36 (KHTML, like Gecko) Chrome/87.0.4280.88 Safari/537.36"
::1 - - [07/Dec/2020:10:43:16 +0700] "GET /server_time/ HTTP/1.1" 200 384 "-" "Mozilla/5.0 (X11; Linux x86_64) AppleWebKit/537.36 (KHTML, like Gecko) Chrome/87.0.4280.88 Safari/537.36"
::1 - - [07/Dec/2020:10:43:16 +0700] "GET /server_time/ HTTP/1.1" 200 384 "-" "Mozilla/5.0 (X11; Linux x86_64) AppleWebKit/537.36 (KHTML, like Gecko) Chrome/87.0.4280.88 Safari/537.36"
::1 - - [07/Dec/2020:10:43:16 +0700] "GET /server_time/ HTTP/1.1" 200 384 "-" "Mozilla/5.0 (X11; Linux x86_64) AppleWebKit/537.36 (KHTML, like Gecko) Chrome/87.0.4280.88 Safari/537.36"
::1 - - [07/Dec/2020:10:43:16 +0700] "GET /server_time/ HTTP/1.1" 200 384 "-" "Mozilla/5.0 (X11; Linux x86_64) AppleWebKit/537.36 (KHTML, like Gecko) Chrome/87.0.4280.88 Safari/537.36"
::1 - - [07/Dec/2020:10:43:16 +0700] "GET /server_time/ HTTP/1.1" 200 384 "-" "Mozilla/5.0 (X11; Linux x86_64) AppleWebKit/537.36 (KHTML, like Gecko) Chrome/87.0.4280.88 Safari/537.36"
::1 - - [07/Dec/2020:10:43:17 +0700] "GET /server_time/ HTTP/1.1" 200 384 "-" "Mozilla/5.0 (X11; Linux x86_64) AppleWebKit/537.36 (KHTML, like Gecko) Chrome/87.0.4280.88 Safari/537.36"
::1 - - [07/Dec/2020:10:44:01 +0700] "-" 408 0 "-" "-"
::1 - - [07/Dec/2020:10:44:12 +0700] "GET /server_time/ HTTP/1.1" 200 375 "-" "Mozilla/5.0 (X11; Linux x86_64) AppleWebKit/537.36 (KHTML, like Gecko) Chrome/87.0.4280.88 Safari/537.36"
::1 - - [07/Dec/2020:10:44:14 +0700] "GET /server_time/ HTTP/1.1" 200 375 "-" "Mozilla/5.0 (X11; Linux x86_64) AppleWebKit/537.36 (KHTML, like Gecko) Chrome/87.0.4280.88 Safari/537.36"
::1 - - [07/Dec/2020:10:44:15 +0700] "GET /server_time/ HTTP/1.1" 200 375 "-" "Mozilla/5.0 (X11; Linux x86_64) AppleWebKit/537.36 (KHTML, like Gecko) Chrome/87.0.4280.88 Safari/537.36"
::1 - - [07/Dec/2020:10:44:15 +0700] "GET /server_time/ HTTP/1.1" 200 375 "-" "Mozilla/5.0 (X11; Linux x86_64) AppleWebKit/537.36 (KHTML, like Gecko) Chrome/87.0.4280.88 Safari/537.36"
::1 - - [07/Dec/2020:10:44:15 +0700] "GET /server_time/ HTTP/1.1" 200 375 "-" "Mozilla/5.0 (X11; Linux x86_64) AppleWebKit/537.36 (KHTML, like Gecko) Chrome/87.0.4280.88 Safari/537.36"
::1 - - [07/Dec/2020:10:45:04 +0700] "-" 408 0 "-" "-"
::1 - - [07/Dec/2020:11:08:06 +0700] "GET /server_time/ HTTP/1.1" 200 376 "-" "Mozilla/5.0 (X11; Linux x86_64) AppleWebKit/537.36 (KHTML, like Gecko) Chrome/87.0.4280.88 Safari/537.36"
::1 - - [07/Dec/2020:11:08:57 +0700] "-" 408 0 "-" "-"
::1 - - [07/Dec/2020:11:18:46 +0700] "GET /lesson1_Web_App/[th]chuc_nang_ HTTP/1.1" 404 488 "-" "Mozilla/5.0 (X11; Linux x86_64) AppleWebKit/537.36 (KHTML, like Gecko) Chrome/87.0.4280.88 Safari/537.36"
::1 - - [07/Dec/2020:11:19:33 +0700] "GET /lesson1_Web_App/[th]chuc_nang_dang_nhap HTTP/1.1" 404 488 "-" "Mozilla/5.0 (X11; Linux x86_64) AppleWebKit/537.36 (KHTML, like Gecko) Chrome/87.0.4280.88 Safari/537.36"
::1 - - [07/Dec/2020:11:20:25 +0700] "-" 408 0 "-" "-"
::1 - - [07/Dec/2020:11:20:26 +0700] "GET /lesson1_Web_App/[th]chuc_nang_dang_nhap HTTP/1.1" 301 642 "-" "Mozilla/5.0 (X11; Linux x86_64) AppleWebKit/537.36 (KHTML, like Gecko) Chrome/87.0.4280.88 Safari/537.36"
::1 - - [07/Dec/2020:11:20:26 +0700] "GET /lesson1_Web_App/%5bth%5dchuc_nang_dang_nhap/ HTTP/1.1" 200 548 "-" "Mozilla/5.0 (X11; Linux x86_64) AppleWebKit/537.36 (KHTML, like Gecko) Chrome/87.0.4280.88 Safari/537.36"
::1 - - [07/Dec/2020:11:21:17 +0700] "-" 408 0 "-" "-"
::1 - - [07/Dec/2020:11:22:46 +0700] "GET /lesson1_Web_App/%5bth%5dchuc_nang_dang_nhap/?username=admin&password=admin HTTP/1.1" 200 549 "http://localhost/lesson1_Web_App/%5bth%5dchuc_nang_dang_nhap/" "Mozilla/5.0 (X11; Linux x86_64) AppleWebKit/537.36 (KHTML, like Gecko) Chrome/87.0.4280.88 Safari/537.36"
::1 - - [07/Dec/2020:11:23:07 +0700] "GET /lesson1_Web_App/%5bth%5dchuc_nang_dang_nhap/?username=admin&password=admin HTTP/1.1" 200 549 "http://localhost/lesson1_Web_App/%5bth%5dchuc_nang_dang_nhap/?username=admin&password=admin" "Mozilla/5.0 (X11; Linux x86_64) AppleWebKit/537.36 (KHTML, like Gecko) Chrome/87.0.4280.88 Safari/537.36"
::1 - - [07/Dec/2020:11:23:59 +0700] "-" 408 0 "-" "-"
::1 - - [07/Dec/2020:11:25:50 +0700] "GET /lesson1_Web_App/%5bth%5dchuc_nang_dang_nhap/?username=admin&password=admin HTTP/1.1" 200 558 "http://localhost/lesson1_Web_App/%5bth%5dchuc_nang_dang_nhap/?username=admin&password=admin" "Mozilla/5.0 (X11; Linux x86_64) AppleWebKit/537.36 (KHTML, like Gecko) Chrome/87.0.4280.88 Safari/537.36"
::1 - - [07/Dec/2020:11:25:50 +0700] "GET /lesson1_Web_App/%5bth%5dchuc_nang_dang_nhap/?username=admin&password=admin HTTP/1.1" 200 557 "http://localhost/lesson1_Web_App/%5bth%5dchuc_nang_dang_nhap/?username=admin&password=admin" "Mozilla/5.0 (X11; Linux x86_64) AppleWebKit/537.36 (KHTML, like Gecko) Chrome/87.0.4280.88 Safari/537.36"
::1 - - [07/Dec/2020:11:25:51 +0700] "GET /lesson1_Web_App/%5bth%5dchuc_nang_dang_nhap/?username=admin&password=admin HTTP/1.1" 200 557 "http://localhost/lesson1_Web_App/%5bth%5dchuc_nang_dang_nhap/?username=admin&password=admin" "Mozilla/5.0 (X11; Linux x86_64) AppleWebKit/537.36 (KHTML, like Gecko) Chrome/87.0.4280.88 Safari/537.36"
::1 - - [07/Dec/2020:11:25:51 +0700] "GET /lesson1_Web_App/%5bth%5dchuc_nang_dang_nhap/?username=admin&password=admin HTTP/1.1" 200 557 "http://localhost/lesson1_Web_App/%5bth%5dchuc_nang_dang_nhap/?username=admin&password=admin" "Mozilla/5.0 (X11; Linux x86_64) AppleWebKit/537.36 (KHTML, like Gecko) Chrome/87.0.4280.88 Safari/537.36"
::1 - - [07/Dec/2020:11:25:51 +0700] "GET /lesson1_Web_App/%5bth%5dchuc_nang_dang_nhap/?username=admin&password=admin HTTP/1.1" 200 557 "http://localhost/lesson1_Web_App/%5bth%5dchuc_nang_dang_nhap/?username=admin&password=admin" "Mozilla/5.0 (X11; Linux x86_64) AppleWebKit/537.36 (KHTML, like Gecko) Chrome/87.0.4280.88 Safari/537.36"
::1 - - [07/Dec/2020:11:25:51 +0700] "GET /lesson1_Web_App/%5bth%5dchuc_nang_dang_nhap/?username=admin&password=admin HTTP/1.1" 200 557 "http://localhost/lesson1_Web_App/%5bth%5dchuc_nang_dang_nhap/?username=admin&password=admin" "Mozilla/5.0 (X11; Linux x86_64) AppleWebKit/537.36 (KHTML, like Gecko) Chrome/87.0.4280.88 Safari/537.36"
::1 - - [07/Dec/2020:11:25:52 +0700] "GET /lesson1_Web_App/%5bth%5dchuc_nang_dang_nhap/?username=admin&password=admin HTTP/1.1" 200 557 "http://localhost/lesson1_Web_App/%5bth%5dchuc_nang_dang_nhap/?username=admin&password=admin" "Mozilla/5.0 (X11; Linux x86_64) AppleWebKit/537.36 (KHTML, like Gecko) Chrome/87.0.4280.88 Safari/537.36"
::1 - - [07/Dec/2020:11:25:52 +0700] "GET /lesson1_Web_App/%5bth%5dchuc_nang_dang_nhap/?username=admin&password=admin HTTP/1.1" 200 557 "http://localhost/lesson1_Web_App/%5bth%5dchuc_nang_dang_nhap/?username=admin&password=admin" "Mozilla/5.0 (X11; Linux x86_64) AppleWebKit/537.36 (KHTML, like Gecko) Chrome/87.0.4280.88 Safari/537.36"
::1 - - [07/Dec/2020:11:25:52 +0700] "GET /lesson1_Web_App/%5bth%5dchuc_nang_dang_nhap/?username=admin&password=admin HTTP/1.1" 200 557 "http://localhost/lesson1_Web_App/%5bth%5dchuc_nang_dang_nhap/?username=admin&password=admin" "Mozilla/5.0 (X11; Linux x86_64) AppleWebKit/537.36 (KHTML, like Gecko) Chrome/87.0.4280.88 Safari/537.36"
::1 - - [07/Dec/2020:11:25:59 +0700] "POST /lesson1_Web_App/%5bth%5dchuc_nang_dang_nhap/?username=admin&password=admin HTTP/1.1" 200 597 "http://localhost/lesson1_Web_App/%5bth%5dchuc_nang_dang_nhap/?username=admin&password=admin" "Mozilla/5.0 (X11; Linux x86_64) AppleWebKit/537.36 (KHTML, like Gecko) Chrome/87.0.4280.88 Safari/537.36"
::1 - - [07/Dec/2020:11:26:50 +0700] "-" 408 0 "-" "-"
::1 - - [07/Dec/2020:11:26:56 +0700] "POST /lesson1_Web_App/%5bth%5dchuc_nang_dang_nhap/?username=admin&password=admin HTTP/1.1" 200 558 "http://localhost/lesson1_Web_App/%5bth%5dchuc_nang_dang_nhap/?username=admin&password=admin" "Mozilla/5.0 (X11; Linux x86_64) AppleWebKit/537.36 (KHTML, like Gecko) Chrome/87.0.4280.88 Safari/537.36"
::1 - - [07/Dec/2020:11:27:02 +0700] "GET /lesson1_Web_App/%5bth%5dchuc_nang_dang_nhap/?username=admin&password=admin HTTP/1.1" 200 587 "http://localhost/lesson1_Web_App/%5bth%5dchuc_nang_dang_nhap/?username=admin&password=admin" "Mozilla/5.0 (X11; Linux x86_64) AppleWebKit/537.36 (KHTML, like Gecko) Chrome/87.0.4280.88 Safari/537.36"
::1 - - [07/Dec/2020:11:27:53 +0700] "-" 408 0 "-" "-"
::1 - - [07/Dec/2020:13:20:28 +0700] "GET /lesson1_Web_App/display_a%20_list_of_customers HTTP/1.1" 404 488 "-" "Mozilla/5.0 (X11; Linux x86_64) AppleWebKit/537.36 (KHTML, like Gecko) Chrome/87.0.4280.88 Safari/537.36"
::1 - - [07/Dec/2020:13:21:19 +0700] "-" 408 0 "-" "-"
::1 - - [07/Dec/2020:13:21:34 +0700] "GET /lesson1_Web_App/display-a-list-of-customers HTTP/1.1" 404 488 "-" "Mozilla/5.0 (X11; Linux x86_64) AppleWebKit/537.36 (KHTML, like Gecko) Chrome/87.0.4280.88 Safari/537.36"
::1 - - [07/Dec/2020:13:22:02 +0700] "GET /lesson1_Web_App/display-a-list-of-customers HTTP/1.1" 404 488 "-" "Mozilla/5.0 (X11; Linux x86_64) AppleWebKit/537.36 (KHTML, like Gecko) Chrome/87.0.4280.88 Safari/537.36"
::1 - - [07/Dec/2020:13:22:20 +0700] "GET /lesson1_Web_App/display-a-list-of-customers HTTP/1.1" 404 488 "-" "Mozilla/5.0 (X11; Linux x86_64) AppleWebKit/537.36 (KHTML, like Gecko) Chrome/87.0.4280.88 Safari/537.36"
::1 - - [07/Dec/2020:13:22:47 +0700] "GET /lesson1_Web_App/display-a-list-of-customers HTTP/1.1" 404 488 "-" "Mozilla/5.0 (X11; Linux x86_64) AppleWebKit/537.36 (KHTML, like Gecko) Chrome/87.0.4280.88 Safari/537.36"
::1 - - [07/Dec/2020:13:22:56 +0700] "GET /lesson1_Web_App/display-a-list-of-customers HTTP/1.1" 404 488 "-" "Mozilla/5.0 (X11; Linux x86_64) AppleWebKit/537.36 (KHTML, like Gecko) Chrome/87.0.4280.88 Safari/537.36"
::1 - - [07/Dec/2020:13:22:57 +0700] "GET /lesson1_Web_App/display-a-list-of-customers HTTP/1.1" 404 487 "-" "Mozilla/5.0 (X11; Linux x86_64) AppleWebKit/537.36 (KHTML, like Gecko) Chrome/87.0.4280.88 Safari/537.36"
::1 - - [07/Dec/2020:13:22:57 +0700] "GET /lesson1_Web_App/display-a-list-of-customers HTTP/1.1" 404 487 "-" "Mozilla/5.0 (X11; Linux x86_64) AppleWebKit/537.36 (KHTML, like Gecko) Chrome/87.0.4280.88 Safari/537.36"
::1 - - [07/Dec/2020:13:22:57 +0700] "GET /lesson1_Web_App/display-a-list-of-customers HTTP/1.1" 404 487 "-" "Mozilla/5.0 (X11; Linux x86_64) AppleWebKit/537.36 (KHTML, like Gecko) Chrome/87.0.4280.88 Safari/537.36"
::1 - - [07/Dec/2020:13:22:58 +0700] "GET /lesson1_Web_App/display-a-list-of-customers HTTP/1.1" 404 487 "-" "Mozilla/5.0 (X11; Linux x86_64) AppleWebKit/537.36 (KHTML, like Gecko) Chrome/87.0.4280.88 Safari/537.36"
::1 - - [07/Dec/2020:13:22:58 +0700] "GET /lesson1_Web_App/display-a-list-of-customers HTTP/1.1" 404 487 "-" "Mozilla/5.0 (X11; Linux x86_64) AppleWebKit/537.36 (KHTML, like Gecko) Chrome/87.0.4280.88 Safari/537.36"
::1 - - [07/Dec/2020:13:23:34 +0700] "GET /lesson1_Web_App/display-a-list-of-customers HTTP/1.1" 404 488 "-" "Mozilla/5.0 (X11; Linux x86_64) AppleWebKit/537.36 (KHTML, like Gecko) Chrome/87.0.4280.88 Safari/537.36"
::1 - - [07/Dec/2020:13:24:10 +0700] "GET /lesson1_Web_App/%5bth%5dchuc_nang_dang_nhap/?username=admin&password=admin HTTP/1.1" 200 558 "-" "Mozilla/5.0 (X11; Linux x86_64) AppleWebKit/537.36 (KHTML, like Gecko) Chrome/87.0.4280.88 Safari/537.36"
::1 - - [07/Dec/2020:13:25:02 +0700] "-" 408 0 "-" "-"
::1 - - [07/Dec/2020:13:25:34 +0700] "GET /lesson1_Web_App/display-a-list-of-customers HTTP/1.1" 404 488 "-" "Mozilla/5.0 (X11; Linux x86_64) AppleWebKit/537.36 (KHTML, like Gecko) Chrome/87.0.4280.88 Safari/537.36"
::1 - - [07/Dec/2020:13:25:58 +0700] "GET /lesson1_Web_App/ HTTP/1.1" 200 759 "-" "Mozilla/5.0 (X11; Linux x86_64) AppleWebKit/537.36 (KHTML, like Gecko) Chrome/87.0.4280.88 Safari/537.36"
::1 - - [07/Dec/2020:13:25:58 +0700] "GET /icons/folder.gif HTTP/1.1" 200 508 "http://localhost/lesson1_Web_App/" "Mozilla/5.0 (X11; Linux x86_64) AppleWebKit/537.36 (KHTML, like Gecko) Chrome/87.0.4280.88 Safari/537.36"
::1 - - [07/Dec/2020:13:26:02 +0700] "GET /lesson1_Web_App/%20display-a-list-of-customers/ HTTP/1.1" 200 863 "http://localhost/lesson1_Web_App/" "Mozilla/5.0 (X11; Linux x86_64) AppleWebKit/537.36 (KHTML, like Gecko) Chrome/87.0.4280.88 Safari/537.36"
::1 - - [07/Dec/2020:13:26:02 +0700] "GET /lesson1_Web_App/%20display-a-list-of-customers/images/img1.jpg HTTP/1.1" 404 487 "http://localhost/lesson1_Web_App/%20display-a-list-of-customers/" "Mozilla/5.0 (X11; Linux x86_64) AppleWebKit/537.36 (KHTML, like Gecko) Chrome/87.0.4280.88 Safari/537.36"
::1 - - [07/Dec/2020:13:26:02 +0700] "GET /lesson1_Web_App/%20display-a-list-of-customers/images/img2.jpg HTTP/1.1" 404 488 "http://localhost/lesson1_Web_App/%20display-a-list-of-customers/" "Mozilla/5.0 (X11; Linux x86_64) AppleWebKit/537.36 (KHTML, like Gecko) Chrome/87.0.4280.88 Safari/537.36"
::1 - - [07/Dec/2020:13:26:02 +0700] "GET /lesson1_Web_App/%20display-a-list-of-customers/images/img3.jpg HTTP/1.1" 404 488 "http://localhost/lesson1_Web_App/%20display-a-list-of-customers/" "Mozilla/5.0 (X11; Linux x86_64) AppleWebKit/537.36 (KHTML, like Gecko) Chrome/87.0.4280.88 Safari/537.36"
::1 - - [07/Dec/2020:13:26:02 +0700] "GET /lesson1_Web_App/%20display-a-list-of-customers/images/img4.jpg HTTP/1.1" 404 488 "http://localhost/lesson1_Web_App/%20display-a-list-of-customers/" "Mozilla/5.0 (X11; Linux x86_64) AppleWebKit/537.36 (KHTML, like Gecko) Chrome/87.0.4280.88 Safari/537.36"
::1 - - [07/Dec/2020:13:26:02 +0700] "GET /lesson1_Web_App/%20display-a-list-of-customers/images/img5.jpg HTTP/1.1" 404 488 "http://localhost/lesson1_Web_App/%20display-a-list-of-customers/" "Mozilla/5.0 (X11; Linux x86_64) AppleWebKit/537.36 (KHTML, like Gecko) Chrome/87.0.4280.88 Safari/537.36"
::1 - - [07/Dec/2020:13:26:09 +0700] "OPTIONS * HTTP/1.0" 200 126 "-" "Apache/2.4.41 (Ubuntu) (internal dummy connection)"
::1 - - [07/Dec/2020:13:26:10 +0700] "OPTIONS * HTTP/1.0" 200 126 "-" "Apache/2.4.41 (Ubuntu) (internal dummy connection)"
::1 - - [07/Dec/2020:13:26:11 +0700] "OPTIONS * HTTP/1.0" 200 126 "-" "Apache/2.4.41 (Ubuntu) (internal dummy connection)"
::1 - - [07/Dec/2020:13:28:22 +0700] "GET /lesson1_Web_App/%20display-a-list-of-customers/ HTTP/1.1" 200 917 "http://localhost/lesson1_Web_App/" "Mozilla/5.0 (X11; Linux x86_64) AppleWebKit/537.36 (KHTML, like Gecko) Chrome/87.0.4280.88 Safari/537.36"
::1 - - [07/Dec/2020:13:28:22 +0700] "GET /lesson1_Web_App/%20display-a-list-of-customers/images/https://raw.githubusercontent.com/codegym-vn/customer-list/master/images/img1.jpg.jpg HTTP/1.1" 404 487 "http://localhost/lesson1_Web_App/%20display-a-list-of-customers/" "Mozilla/5.0 (X11; Linux x86_64) AppleWebKit/537.36 (KHTML, like Gecko) Chrome/87.0.4280.88 Safari/537.36"
::1 - - [07/Dec/2020:13:28:22 +0700] "GET /lesson1_Web_App/%20display-a-list-of-customers/images/img2.jpg HTTP/1.1" 404 488 "http://localhost/lesson1_Web_App/%20display-a-list-of-customers/" "Mozilla/5.0 (X11; Linux x86_64) AppleWebKit/537.36 (KHTML, like Gecko) Chrome/87.0.4280.88 Safari/537.36"
::1 - - [07/Dec/2020:13:28:22 +0700] "GET /lesson1_Web_App/%20display-a-list-of-customers/images/img3.jpg HTTP/1.1" 404 488 "http://localhost/lesson1_Web_App/%20display-a-list-of-customers/" "Mozilla/5.0 (X11; Linux x86_64) AppleWebKit/537.36 (KHTML, like Gecko) Chrome/87.0.4280.88 Safari/537.36"
::1 - - [07/Dec/2020:13:28:22 +0700] "GET /lesson1_Web_App/%20display-a-list-of-customers/images/img4.jpg HTTP/1.1" 404 488 "http://localhost/lesson1_Web_App/%20display-a-list-of-customers/" "Mozilla/5.0 (X11; Linux x86_64) AppleWebKit/537.36 (KHTML, like Gecko) Chrome/87.0.4280.88 Safari/537.36"
::1 - - [07/Dec/2020:13:28:22 +0700] "GET /lesson1_Web_App/%20display-a-list-of-customers/images/img5.jpg HTTP/1.1" 404 488 "http://localhost/lesson1_Web_App/%20display-a-list-of-customers/" "Mozilla/5.0 (X11; Linux x86_64) AppleWebKit/537.36 (KHTML, like Gecko) Chrome/87.0.4280.88 Safari/537.36"
::1 - - [07/Dec/2020:13:28:23 +0700] "GET /lesson1_Web_App/%20display-a-list-of-customers/ HTTP/1.1" 200 916 "http://localhost/lesson1_Web_App/" "Mozilla/5.0 (X11; Linux x86_64) AppleWebKit/537.36 (KHTML, like Gecko) Chrome/87.0.4280.88 Safari/537.36"
::1 - - [07/Dec/2020:13:28:23 +0700] "GET /lesson1_Web_App/%20display-a-list-of-customers/images/https://raw.githubusercontent.com/codegym-vn/customer-list/master/images/img1.jpg.jpg HTTP/1.1" 404 487 "http://localhost/lesson1_Web_App/%20display-a-list-of-customers/" "Mozilla/5.0 (X11; Linux x86_64) AppleWebKit/537.36 (KHTML, like Gecko) Chrome/87.0.4280.88 Safari/537.36"
::1 - - [07/Dec/2020:13:28:23 +0700] "GET /lesson1_Web_App/%20display-a-list-of-customers/images/img2.jpg HTTP/1.1" 404 487 "http://localhost/lesson1_Web_App/%20display-a-list-of-customers/" "Mozilla/5.0 (X11; Linux x86_64) AppleWebKit/537.36 (KHTML, like Gecko) Chrome/87.0.4280.88 Safari/537.36"
::1 - - [07/Dec/2020:13:28:23 +0700] "GET /lesson1_Web_App/%20display-a-list-of-customers/images/img3.jpg HTTP/1.1" 404 487 "http://localhost/lesson1_Web_App/%20display-a-list-of-customers/" "Mozilla/5.0 (X11; Linux x86_64) AppleWebKit/537.36 (KHTML, like Gecko) Chrome/87.0.4280.88 Safari/537.36"
::1 - - [07/Dec/2020:13:28:23 +0700] "GET /lesson1_Web_App/%20display-a-list-of-customers/images/img4.jpg HTTP/1.1" 404 487 "http://localhost/lesson1_Web_App/%20display-a-list-of-customers/" "Mozilla/5.0 (X11; Linux x86_64) AppleWebKit/537.36 (KHTML, like Gecko) Chrome/87.0.4280.88 Safari/537.36"
::1 - - [07/Dec/2020:13:28:23 +0700] "GET /lesson1_Web_App/%20display-a-list-of-customers/images/img5.jpg HTTP/1.1" 404 487 "http://localhost/lesson1_Web_App/%20display-a-list-of-customers/" "Mozilla/5.0 (X11; Linux x86_64) AppleWebKit/537.36 (KHTML, like Gecko) Chrome/87.0.4280.88 Safari/537.36"
::1 - - [07/Dec/2020:13:28:23 +0700] "GET /lesson1_Web_App/%20display-a-list-of-customers/ HTTP/1.1" 200 916 "http://localhost/lesson1_Web_App/" "Mozilla/5.0 (X11; Linux x86_64) AppleWebKit/537.36 (KHTML, like Gecko) Chrome/87.0.4280.88 Safari/537.36"
::1 - - [07/Dec/2020:13:28:24 +0700] "GET /lesson1_Web_App/%20display-a-list-of-customers/images/https://raw.githubusercontent.com/codegym-vn/customer-list/master/images/img1.jpg.jpg HTTP/1.1" 404 487 "http://localhost/lesson1_Web_App/%20display-a-list-of-customers/" "Mozilla/5.0 (X11; Linux x86_64) AppleWebKit/537.36 (KHTML, like Gecko) Chrome/87.0.4280.88 Safari/537.36"
::1 - - [07/Dec/2020:13:28:24 +0700] "GET /lesson1_Web_App/%20display-a-list-of-customers/images/img2.jpg HTTP/1.1" 404 487 "http://localhost/lesson1_Web_App/%20display-a-list-of-customers/" "Mozilla/5.0 (X11; Linux x86_64) AppleWebKit/537.36 (KHTML, like Gecko) Chrome/87.0.4280.88 Safari/537.36"
::1 - - [07/Dec/2020:13:28:24 +0700] "GET /lesson1_Web_App/%20display-a-list-of-customers/images/img3.jpg HTTP/1.1" 404 487 "http://localhost/lesson1_Web_App/%20display-a-list-of-customers/" "Mozilla/5.0 (X11; Linux x86_64) AppleWebKit/537.36 (KHTML, like Gecko) Chrome/87.0.4280.88 Safari/537.36"
::1 - - [07/Dec/2020:13:28:24 +0700] "GET /lesson1_Web_App/%20display-a-list-of-customers/images/img4.jpg HTTP/1.1" 404 487 "http://localhost/lesson1_Web_App/%20display-a-list-of-customers/" "Mozilla/5.0 (X11; Linux x86_64) AppleWebKit/537.36 (KHTML, like Gecko) Chrome/87.0.4280.88 Safari/537.36"
::1 - - [07/Dec/2020:13:28:24 +0700] "GET /lesson1_Web_App/%20display-a-list-of-customers/images/img5.jpg HTTP/1.1" 404 487 "http://localhost/lesson1_Web_App/%20display-a-list-of-customers/" "Mozilla/5.0 (X11; Linux x86_64) AppleWebKit/537.36 (KHTML, like Gecko) Chrome/87.0.4280.88 Safari/537.36"
::1 - - [07/Dec/2020:13:28:24 +0700] "GET /lesson1_Web_App/%20display-a-list-of-customers/ HTTP/1.1" 200 916 "http://localhost/lesson1_Web_App/" "Mozilla/5.0 (X11; Linux x86_64) AppleWebKit/537.36 (KHTML, like Gecko) Chrome/87.0.4280.88 Safari/537.36"
::1 - - [07/Dec/2020:13:28:24 +0700] "GET /lesson1_Web_App/%20display-a-list-of-customers/images/https://raw.githubusercontent.com/codegym-vn/customer-list/master/images/img1.jpg.jpg HTTP/1.1" 404 487 "http://localhost/lesson1_Web_App/%20display-a-list-of-customers/" "Mozilla/5.0 (X11; Linux x86_64) AppleWebKit/537.36 (KHTML, like Gecko) Chrome/87.0.4280.88 Safari/537.36"
::1 - - [07/Dec/2020:13:28:24 +0700] "GET /lesson1_Web_App/%20display-a-list-of-customers/images/img2.jpg HTTP/1.1" 404 487 "http://localhost/lesson1_Web_App/%20display-a-list-of-customers/" "Mozilla/5.0 (X11; Linux x86_64) AppleWebKit/537.36 (KHTML, like Gecko) Chrome/87.0.4280.88 Safari/537.36"
::1 - - [07/Dec/2020:13:28:24 +0700] "GET /lesson1_Web_App/%20display-a-list-of-customers/images/img3.jpg HTTP/1.1" 404 487 "http://localhost/lesson1_Web_App/%20display-a-list-of-customers/" "Mozilla/5.0 (X11; Linux x86_64) AppleWebKit/537.36 (KHTML, like Gecko) Chrome/87.0.4280.88 Safari/537.36"
::1 - - [07/Dec/2020:13:28:24 +0700] "GET /lesson1_Web_App/%20display-a-list-of-customers/images/img4.jpg HTTP/1.1" 404 487 "http://localhost/lesson1_Web_App/%20display-a-list-of-customers/" "Mozilla/5.0 (X11; Linux x86_64) AppleWebKit/537.36 (KHTML, like Gecko) Chrome/87.0.4280.88 Safari/537.36"
::1 - - [07/Dec/2020:13:28:24 +0700] "GET /lesson1_Web_App/%20display-a-list-of-customers/images/img5.jpg HTTP/1.1" 404 487 "http://localhost/lesson1_Web_App/%20display-a-list-of-customers/" "Mozilla/5.0 (X11; Linux x86_64) AppleWebKit/537.36 (KHTML, like Gecko) Chrome/87.0.4280.88 Safari/537.36"
::1 - - [07/Dec/2020:13:30:45 +0700] "GET /lesson1_Web_App/%20display-a-list-of-customers/ HTTP/1.1" 200 865 "http://localhost/lesson1_Web_App/" "Mozilla/5.0 (X11; Linux x86_64) AppleWebKit/537.36 (KHTML, like Gecko) Chrome/87.0.4280.88 Safari/537.36"
::1 - - [07/Dec/2020:13:30:45 +0700] "GET /lesson1_Web_App/%20display-a-list-of-customers/images/img1.jpg HTTP/1.1" 404 487 "http://localhost/lesson1_Web_App/%20display-a-list-of-customers/" "Mozilla/5.0 (X11; Linux x86_64) AppleWebKit/537.36 (KHTML, like Gecko) Chrome/87.0.4280.88 Safari/537.36"
::1 - - [07/Dec/2020:13:30:45 +0700] "GET /lesson1_Web_App/%20display-a-list-of-customers/images/img2.jpg HTTP/1.1" 404 488 "http://localhost/lesson1_Web_App/%20display-a-list-of-customers/" "Mozilla/5.0 (X11; Linux x86_64) AppleWebKit/537.36 (KHTML, like Gecko) Chrome/87.0.4280.88 Safari/537.36"
::1 - - [07/Dec/2020:13:30:45 +0700] "GET /lesson1_Web_App/%20display-a-list-of-customers/images/img3.jpg HTTP/1.1" 404 488 "http://localhost/lesson1_Web_App/%20display-a-list-of-customers/" "Mozilla/5.0 (X11; Linux x86_64) AppleWebKit/537.36 (KHTML, like Gecko) Chrome/87.0.4280.88 Safari/537.36"
::1 - - [07/Dec/2020:13:30:45 +0700] "GET /lesson1_Web_App/%20display-a-list-of-customers/images/img4.jpg HTTP/1.1" 404 488 "http://localhost/lesson1_Web_App/%20display-a-list-of-customers/" "Mozilla/5.0 (X11; Linux x86_64) AppleWebKit/537.36 (KHTML, like Gecko) Chrome/87.0.4280.88 Safari/537.36"
::1 - - [07/Dec/2020:13:30:45 +0700] "GET /lesson1_Web_App/%20display-a-list-of-customers/images/img5.jpg HTTP/1.1" 404 488 "http://localhost/lesson1_Web_App/%20display-a-list-of-customers/" "Mozilla/5.0 (X11; Linux x86_64) AppleWebKit/537.36 (KHTML, like Gecko) Chrome/87.0.4280.88 Safari/537.36"
::1 - - [07/Dec/2020:13:30:46 +0700] "GET /lesson1_Web_App/%20display-a-list-of-customers/ HTTP/1.1" 200 864 "http://localhost/lesson1_Web_App/" "Mozilla/5.0 (X11; Linux x86_64) AppleWebKit/537.36 (KHTML, like Gecko) Chrome/87.0.4280.88 Safari/537.36"
::1 - - [07/Dec/2020:13:30:46 +0700] "GET /lesson1_Web_App/%20display-a-list-of-customers/images/img1.jpg HTTP/1.1" 404 487 "http://localhost/lesson1_Web_App/%20display-a-list-of-customers/" "Mozilla/5.0 (X11; Linux x86_64) AppleWebKit/537.36 (KHTML, like Gecko) Chrome/87.0.4280.88 Safari/537.36"
::1 - - [07/Dec/2020:13:30:46 +0700] "GET /lesson1_Web_App/%20display-a-list-of-customers/images/img2.jpg HTTP/1.1" 404 487 "http://localhost/lesson1_Web_App/%20display-a-list-of-customers/" "Mozilla/5.0 (X11; Linux x86_64) AppleWebKit/537.36 (KHTML, like Gecko) Chrome/87.0.4280.88 Safari/537.36"
::1 - - [07/Dec/2020:13:30:46 +0700] "GET /lesson1_Web_App/%20display-a-list-of-customers/images/img3.jpg HTTP/1.1" 404 487 "http://localhost/lesson1_Web_App/%20display-a-list-of-customers/" "Mozilla/5.0 (X11; Linux x86_64) AppleWebKit/537.36 (KHTML, like Gecko) Chrome/87.0.4280.88 Safari/537.36"
::1 - - [07/Dec/2020:13:30:46 +0700] "GET /lesson1_Web_App/%20display-a-list-of-customers/images/img5.jpg HTTP/1.1" 404 487 "http://localhost/lesson1_Web_App/%20display-a-list-of-customers/" "Mozilla/5.0 (X11; Linux x86_64) AppleWebKit/537.36 (KHTML, like Gecko) Chrome/87.0.4280.88 Safari/537.36"
::1 - - [07/Dec/2020:13:30:46 +0700] "GET /lesson1_Web_App/%20display-a-list-of-customers/images/img4.jpg HTTP/1.1" 404 487 "http://localhost/lesson1_Web_App/%20display-a-list-of-customers/" "Mozilla/5.0 (X11; Linux x86_64) AppleWebKit/537.36 (KHTML, like Gecko) Chrome/87.0.4280.88 Safari/537.36"
::1 - - [07/Dec/2020:13:30:46 +0700] "GET /lesson1_Web_App/%20display-a-list-of-customers/ HTTP/1.1" 200 864 "http://localhost/lesson1_Web_App/" "Mozilla/5.0 (X11; Linux x86_64) AppleWebKit/537.36 (KHTML, like Gecko) Chrome/87.0.4280.88 Safari/537.36"
::1 - - [07/Dec/2020:13:30:46 +0700] "GET /lesson1_Web_App/%20display-a-list-of-customers/images/img1.jpg HTTP/1.1" 404 487 "http://localhost/lesson1_Web_App/%20display-a-list-of-customers/" "Mozilla/5.0 (X11; Linux x86_64) AppleWebKit/537.36 (KHTML, like Gecko) Chrome/87.0.4280.88 Safari/537.36"
::1 - - [07/Dec/2020:13:30:46 +0700] "GET /lesson1_Web_App/%20display-a-list-of-customers/images/img2.jpg HTTP/1.1" 404 487 "http://localhost/lesson1_Web_App/%20display-a-list-of-customers/" "Mozilla/5.0 (X11; Linux x86_64) AppleWebKit/537.36 (KHTML, like Gecko) Chrome/87.0.4280.88 Safari/537.36"
::1 - - [07/Dec/2020:13:30:46 +0700] "GET /lesson1_Web_App/%20display-a-list-of-customers/images/img3.jpg HTTP/1.1" 404 487 "http://localhost/lesson1_Web_App/%20display-a-list-of-customers/" "Mozilla/5.0 (X11; Linux x86_64) AppleWebKit/537.36 (KHTML, like Gecko) Chrome/87.0.4280.88 Safari/537.36"
::1 - - [07/Dec/2020:13:30:46 +0700] "GET /lesson1_Web_App/%20display-a-list-of-customers/images/img4.jpg HTTP/1.1" 404 487 "http://localhost/lesson1_Web_App/%20display-a-list-of-customers/" "Mozilla/5.0 (X11; Linux x86_64) AppleWebKit/537.36 (KHTML, like Gecko) Chrome/87.0.4280.88 Safari/537.36"
::1 - - [07/Dec/2020:13:30:46 +0700] "GET /lesson1_Web_App/%20display-a-list-of-customers/images/img5.jpg HTTP/1.1" 404 487 "http://localhost/lesson1_Web_App/%20display-a-list-of-customers/" "Mozilla/5.0 (X11; Linux x86_64) AppleWebKit/537.36 (KHTML, like Gecko) Chrome/87.0.4280.88 Safari/537.36"
::1 - - [07/Dec/2020:13:30:46 +0700] "GET /lesson1_Web_App/%20display-a-list-of-customers/ HTTP/1.1" 200 864 "http://localhost/lesson1_Web_App/" "Mozilla/5.0 (X11; Linux x86_64) AppleWebKit/537.36 (KHTML, like Gecko) Chrome/87.0.4280.88 Safari/537.36"
::1 - - [07/Dec/2020:13:30:46 +0700] "GET /lesson1_Web_App/%20display-a-list-of-customers/images/img1.jpg HTTP/1.1" 404 487 "http://localhost/lesson1_Web_App/%20display-a-list-of-customers/" "Mozilla/5.0 (X11; Linux x86_64) AppleWebKit/537.36 (KHTML, like Gecko) Chrome/87.0.4280.88 Safari/537.36"
::1 - - [07/Dec/2020:13:30:46 +0700] "GET /lesson1_Web_App/%20display-a-list-of-customers/images/img2.jpg HTTP/1.1" 404 487 "http://localhost/lesson1_Web_App/%20display-a-list-of-customers/" "Mozilla/5.0 (X11; Linux x86_64) AppleWebKit/537.36 (KHTML, like Gecko) Chrome/87.0.4280.88 Safari/537.36"
::1 - - [07/Dec/2020:13:30:46 +0700] "GET /lesson1_Web_App/%20display-a-list-of-customers/images/img3.jpg HTTP/1.1" 404 487 "http://localhost/lesson1_Web_App/%20display-a-list-of-customers/" "Mozilla/5.0 (X11; Linux x86_64) AppleWebKit/537.36 (KHTML, like Gecko) Chrome/87.0.4280.88 Safari/537.36"
::1 - - [07/Dec/2020:13:30:46 +0700] "GET /lesson1_Web_App/%20display-a-list-of-customers/images/img4.jpg HTTP/1.1" 404 487 "http://localhost/lesson1_Web_App/%20display-a-list-of-customers/" "Mozilla/5.0 (X11; Linux x86_64) AppleWebKit/537.36 (KHTML, like Gecko) Chrome/87.0.4280.88 Safari/537.36"
::1 - - [07/Dec/2020:13:30:46 +0700] "GET /lesson1_Web_App/%20display-a-list-of-customers/images/img5.jpg HTTP/1.1" 404 487 "http://localhost/lesson1_Web_App/%20display-a-list-of-customers/" "Mozilla/5.0 (X11; Linux x86_64) AppleWebKit/537.36 (KHTML, like Gecko) Chrome/87.0.4280.88 Safari/537.36"
::1 - - [07/Dec/2020:13:30:47 +0700] "GET /lesson1_Web_App/%20display-a-list-of-customers/ HTTP/1.1" 200 864 "http://localhost/lesson1_Web_App/" "Mozilla/5.0 (X11; Linux x86_64) AppleWebKit/537.36 (KHTML, like Gecko) Chrome/87.0.4280.88 Safari/537.36"
::1 - - [07/Dec/2020:13:30:47 +0700] "GET /lesson1_Web_App/%20display-a-list-of-customers/images/img1.jpg HTTP/1.1" 404 487 "http://localhost/lesson1_Web_App/%20display-a-list-of-customers/" "Mozilla/5.0 (X11; Linux x86_64) AppleWebKit/537.36 (KHTML, like Gecko) Chrome/87.0.4280.88 Safari/537.36"
::1 - - [07/Dec/2020:13:30:47 +0700] "GET /lesson1_Web_App/%20display-a-list-of-customers/images/img2.jpg HTTP/1.1" 404 487 "http://localhost/lesson1_Web_App/%20display-a-list-of-customers/" "Mozilla/5.0 (X11; Linux x86_64) AppleWebKit/537.36 (KHTML, like Gecko) Chrome/87.0.4280.88 Safari/537.36"
::1 - - [07/Dec/2020:13:30:47 +0700] "GET /lesson1_Web_App/%20display-a-list-of-customers/images/img3.jpg HTTP/1.1" 404 487 "http://localhost/lesson1_Web_App/%20display-a-list-of-customers/" "Mozilla/5.0 (X11; Linux x86_64) AppleWebKit/537.36 (KHTML, like Gecko) Chrome/87.0.4280.88 Safari/537.36"
::1 - - [07/Dec/2020:13:30:47 +0700] "GET /lesson1_Web_App/%20display-a-list-of-customers/images/img4.jpg HTTP/1.1" 404 487 "http://localhost/lesson1_Web_App/%20display-a-list-of-customers/" "Mozilla/5.0 (X11; Linux x86_64) AppleWebKit/537.36 (KHTML, like Gecko) Chrome/87.0.4280.88 Safari/537.36"
::1 - - [07/Dec/2020:13:30:47 +0700] "GET /lesson1_Web_App/%20display-a-list-of-customers/images/img5.jpg HTTP/1.1" 404 487 "http://localhost/lesson1_Web_App/%20display-a-list-of-customers/" "Mozilla/5.0 (X11; Linux x86_64) AppleWebKit/537.36 (KHTML, like Gecko) Chrome/87.0.4280.88 Safari/537.36"
::1 - - [07/Dec/2020:13:30:47 +0700] "GET /lesson1_Web_App/%20display-a-list-of-customers/ HTTP/1.1" 200 864 "http://localhost/lesson1_Web_App/" "Mozilla/5.0 (X11; Linux x86_64) AppleWebKit/537.36 (KHTML, like Gecko) Chrome/87.0.4280.88 Safari/537.36"
::1 - - [07/Dec/2020:13:30:47 +0700] "GET /lesson1_Web_App/%20display-a-list-of-customers/images/img1.jpg HTTP/1.1" 404 487 "http://localhost/lesson1_Web_App/%20display-a-list-of-customers/" "Mozilla/5.0 (X11; Linux x86_64) AppleWebKit/537.36 (KHTML, like Gecko) Chrome/87.0.4280.88 Safari/537.36"
::1 - - [07/Dec/2020:13:30:47 +0700] "GET /lesson1_Web_App/%20display-a-list-of-customers/images/img2.jpg HTTP/1.1" 404 487 "http://localhost/lesson1_Web_App/%20display-a-list-of-customers/" "Mozilla/5.0 (X11; Linux x86_64) AppleWebKit/537.36 (KHTML, like Gecko) Chrome/87.0.4280.88 Safari/537.36"
::1 - - [07/Dec/2020:13:30:47 +0700] "GET /lesson1_Web_App/%20display-a-list-of-customers/images/img3.jpg HTTP/1.1" 404 487 "http://localhost/lesson1_Web_App/%20display-a-list-of-customers/" "Mozilla/5.0 (X11; Linux x86_64) AppleWebKit/537.36 (KHTML, like Gecko) Chrome/87.0.4280.88 Safari/537.36"
::1 - - [07/Dec/2020:13:30:47 +0700] "GET /lesson1_Web_App/%20display-a-list-of-customers/images/img4.jpg HTTP/1.1" 404 487 "http://localhost/lesson1_Web_App/%20display-a-list-of-customers/" "Mozilla/5.0 (X11; Linux x86_64) AppleWebKit/537.36 (KHTML, like Gecko) Chrome/87.0.4280.88 Safari/537.36"
::1 - - [07/Dec/2020:13:30:47 +0700] "GET /lesson1_Web_App/%20display-a-list-of-customers/images/img5.jpg HTTP/1.1" 404 487 "http://localhost/lesson1_Web_App/%20display-a-list-of-customers/" "Mozilla/5.0 (X11; Linux x86_64) AppleWebKit/537.36 (KHTML, like Gecko) Chrome/87.0.4280.88 Safari/537.36"
::1 - - [07/Dec/2020:13:30:47 +0700] "GET /lesson1_Web_App/%20display-a-list-of-customers/ HTTP/1.1" 200 864 "http://localhost/lesson1_Web_App/" "Mozilla/5.0 (X11; Linux x86_64) AppleWebKit/537.36 (KHTML, like Gecko) Chrome/87.0.4280.88 Safari/537.36"
::1 - - [07/Dec/2020:13:30:47 +0700] "GET /lesson1_Web_App/%20display-a-list-of-customers/images/img1.jpg HTTP/1.1" 404 487 "http://localhost/lesson1_Web_App/%20display-a-list-of-customers/" "Mozilla/5.0 (X11; Linux x86_64) AppleWebKit/537.36 (KHTML, like Gecko) Chrome/87.0.4280.88 Safari/537.36"
::1 - - [07/Dec/2020:13:30:47 +0700] "GET /lesson1_Web_App/%20display-a-list-of-customers/images/img2.jpg HTTP/1.1" 404 487 "http://localhost/lesson1_Web_App/%20display-a-list-of-customers/" "Mozilla/5.0 (X11; Linux x86_64) AppleWebKit/537.36 (KHTML, like Gecko) Chrome/87.0.4280.88 Safari/537.36"
::1 - - [07/Dec/2020:13:30:47 +0700] "GET /lesson1_Web_App/%20display-a-list-of-customers/images/img3.jpg HTTP/1.1" 404 487 "http://localhost/lesson1_Web_App/%20display-a-list-of-customers/" "Mozilla/5.0 (X11; Linux x86_64) AppleWebKit/537.36 (KHTML, like Gecko) Chrome/87.0.4280.88 Safari/537.36"
::1 - - [07/Dec/2020:13:30:47 +0700] "GET /lesson1_Web_App/%20display-a-list-of-customers/images/img4.jpg HTTP/1.1" 404 487 "http://localhost/lesson1_Web_App/%20display-a-list-of-customers/" "Mozilla/5.0 (X11; Linux x86_64) AppleWebKit/537.36 (KHTML, like Gecko) Chrome/87.0.4280.88 Safari/537.36"
::1 - - [07/Dec/2020:13:30:47 +0700] "GET /lesson1_Web_App/%20display-a-list-of-customers/images/img5.jpg HTTP/1.1" 404 487 "http://localhost/lesson1_Web_App/%20display-a-list-of-customers/" "Mozilla/5.0 (X11; Linux x86_64) AppleWebKit/537.36 (KHTML, like Gecko) Chrome/87.0.4280.88 Safari/537.36"
::1 - - [07/Dec/2020:13:30:47 +0700] "GET /lesson1_Web_App/%20display-a-list-of-customers/ HTTP/1.1" 200 864 "http://localhost/lesson1_Web_App/" "Mozilla/5.0 (X11; Linux x86_64) AppleWebKit/537.36 (KHTML, like Gecko) Chrome/87.0.4280.88 Safari/537.36"
::1 - - [07/Dec/2020:13:30:47 +0700] "GET /lesson1_Web_App/%20display-a-list-of-customers/images/img1.jpg HTTP/1.1" 404 487 "http://localhost/lesson1_Web_App/%20display-a-list-of-customers/" "Mozilla/5.0 (X11; Linux x86_64) AppleWebKit/537.36 (KHTML, like Gecko) Chrome/87.0.4280.88 Safari/537.36"
::1 - - [07/Dec/2020:13:30:47 +0700] "GET /lesson1_Web_App/%20display-a-list-of-customers/images/img2.jpg HTTP/1.1" 404 487 "http://localhost/lesson1_Web_App/%20display-a-list-of-customers/" "Mozilla/5.0 (X11; Linux x86_64) AppleWebKit/537.36 (KHTML, like Gecko) Chrome/87.0.4280.88 Safari/537.36"
::1 - - [07/Dec/2020:13:30:47 +0700] "GET /lesson1_Web_App/%20display-a-list-of-customers/images/img3.jpg HTTP/1.1" 404 487 "http://localhost/lesson1_Web_App/%20display-a-list-of-customers/" "Mozilla/5.0 (X11; Linux x86_64) AppleWebKit/537.36 (KHTML, like Gecko) Chrome/87.0.4280.88 Safari/537.36"
::1 - - [07/Dec/2020:13:30:47 +0700] "GET /lesson1_Web_App/%20display-a-list-of-customers/images/img4.jpg HTTP/1.1" 404 487 "http://localhost/lesson1_Web_App/%20display-a-list-of-customers/" "Mozilla/5.0 (X11; Linux x86_64) AppleWebKit/537.36 (KHTML, like Gecko) Chrome/87.0.4280.88 Safari/537.36"
::1 - - [07/Dec/2020:13:30:47 +0700] "GET /lesson1_Web_App/%20display-a-list-of-customers/images/img5.jpg HTTP/1.1" 404 487 "http://localhost/lesson1_Web_App/%20display-a-list-of-customers/" "Mozilla/5.0 (X11; Linux x86_64) AppleWebKit/537.36 (KHTML, like Gecko) Chrome/87.0.4280.88 Safari/537.36"
::1 - - [07/Dec/2020:13:30:47 +0700] "GET /lesson1_Web_App/%20display-a-list-of-customers/ HTTP/1.1" 200 864 "http://localhost/lesson1_Web_App/" "Mozilla/5.0 (X11; Linux x86_64) AppleWebKit/537.36 (KHTML, like Gecko) Chrome/87.0.4280.88 Safari/537.36"
::1 - - [07/Dec/2020:13:30:47 +0700] "GET /lesson1_Web_App/%20display-a-list-of-customers/images/img1.jpg HTTP/1.1" 404 487 "http://localhost/lesson1_Web_App/%20display-a-list-of-customers/" "Mozilla/5.0 (X11; Linux x86_64) AppleWebKit/537.36 (KHTML, like Gecko) Chrome/87.0.4280.88 Safari/537.36"
::1 - - [07/Dec/2020:13:30:47 +0700] "GET /lesson1_Web_App/%20display-a-list-of-customers/images/img2.jpg HTTP/1.1" 404 487 "http://localhost/lesson1_Web_App/%20display-a-list-of-customers/" "Mozilla/5.0 (X11; Linux x86_64) AppleWebKit/537.36 (KHTML, like Gecko) Chrome/87.0.4280.88 Safari/537.36"
::1 - - [07/Dec/2020:13:30:47 +0700] "GET /lesson1_Web_App/%20display-a-list-of-customers/images/img3.jpg HTTP/1.1" 404 487 "http://localhost/lesson1_Web_App/%20display-a-list-of-customers/" "Mozilla/5.0 (X11; Linux x86_64) AppleWebKit/537.36 (KHTML, like Gecko) Chrome/87.0.4280.88 Safari/537.36"
::1 - - [07/Dec/2020:13:30:47 +0700] "GET /lesson1_Web_App/%20display-a-list-of-customers/images/img4.jpg HTTP/1.1" 404 487 "http://localhost/lesson1_Web_App/%20display-a-list-of-customers/" "Mozilla/5.0 (X11; Linux x86_64) AppleWebKit/537.36 (KHTML, like Gecko) Chrome/87.0.4280.88 Safari/537.36"
::1 - - [07/Dec/2020:13:30:47 +0700] "GET /lesson1_Web_App/%20display-a-list-of-customers/images/img5.jpg HTTP/1.1" 404 487 "http://localhost/lesson1_Web_App/%20display-a-list-of-customers/" "Mozilla/5.0 (X11; Linux x86_64) AppleWebKit/537.36 (KHTML, like Gecko) Chrome/87.0.4280.88 Safari/537.36"
::1 - - [07/Dec/2020:13:31:22 +0700] "GET /lesson1_Web_App/%20display-a-list-of-customers/ HTTP/1.1" 200 865 "http://localhost/lesson1_Web_App/" "Mozilla/5.0 (X11; Linux x86_64) AppleWebKit/537.36 (KHTML, like Gecko) Chrome/87.0.4280.88 Safari/537.36"
::1 - - [07/Dec/2020:13:31:22 +0700] "GET /lesson1_Web_App/%20display-a-list-of-customers/images/img1.jpg HTTP/1.1" 200 1147907 "http://localhost/lesson1_Web_App/%20display-a-list-of-customers/" "Mozilla/5.0 (X11; Linux x86_64) AppleWebKit/537.36 (KHTML, like Gecko) Chrome/87.0.4280.88 Safari/537.36"
::1 - - [07/Dec/2020:13:31:22 +0700] "GET /lesson1_Web_App/%20display-a-list-of-customers/images/img2.jpg HTTP/1.1" 200 40703 "http://localhost/lesson1_Web_App/%20display-a-list-of-customers/" "Mozilla/5.0 (X11; Linux x86_64) AppleWebKit/537.36 (KHTML, like Gecko) Chrome/87.0.4280.88 Safari/537.36"
::1 - - [07/Dec/2020:13:31:22 +0700] "GET /lesson1_Web_App/%20display-a-list-of-customers/images/img3.jpg HTTP/1.1" 404 488 "http://localhost/lesson1_Web_App/%20display-a-list-of-customers/" "Mozilla/5.0 (X11; Linux x86_64) AppleWebKit/537.36 (KHTML, like Gecko) Chrome/87.0.4280.88 Safari/537.36"
::1 - - [07/Dec/2020:13:31:22 +0700] "GET /lesson1_Web_App/%20display-a-list-of-customers/images/img4.jpg HTTP/1.1" 404 488 "http://localhost/lesson1_Web_App/%20display-a-list-of-customers/" "Mozilla/5.0 (X11; Linux x86_64) AppleWebKit/537.36 (KHTML, like Gecko) Chrome/87.0.4280.88 Safari/537.36"
::1 - - [07/Dec/2020:13:31:22 +0700] "GET /lesson1_Web_App/%20display-a-list-of-customers/images/img5.jpg HTTP/1.1" 404 488 "http://localhost/lesson1_Web_App/%20display-a-list-of-customers/" "Mozilla/5.0 (X11; Linux x86_64) AppleWebKit/537.36 (KHTML, like Gecko) Chrome/87.0.4280.88 Safari/537.36"
::1 - - [07/Dec/2020:13:31:23 +0700] "GET /lesson1_Web_App/%20display-a-list-of-customers/ HTTP/1.1" 200 864 "http://localhost/lesson1_Web_App/" "Mozilla/5.0 (X11; Linux x86_64) AppleWebKit/537.36 (KHTML, like Gecko) Chrome/87.0.4280.88 Safari/537.36"
::1 - - [07/Dec/2020:13:31:23 +0700] "GET /lesson1_Web_App/%20display-a-list-of-customers/images/img3.jpg HTTP/1.1" 404 487 "http://localhost/lesson1_Web_App/%20display-a-list-of-customers/" "Mozilla/5.0 (X11; Linux x86_64) AppleWebKit/537.36 (KHTML, like Gecko) Chrome/87.0.4280.88 Safari/537.36"
::1 - - [07/Dec/2020:13:31:23 +0700] "GET /lesson1_Web_App/%20display-a-list-of-customers/images/img4.jpg HTTP/1.1" 404 487 "http://localhost/lesson1_Web_App/%20display-a-list-of-customers/" "Mozilla/5.0 (X11; Linux x86_64) AppleWebKit/537.36 (KHTML, like Gecko) Chrome/87.0.4280.88 Safari/537.36"
::1 - - [07/Dec/2020:13:31:23 +0700] "GET /lesson1_Web_App/%20display-a-list-of-customers/images/img5.jpg HTTP/1.1" 404 487 "http://localhost/lesson1_Web_App/%20display-a-list-of-customers/" "Mozilla/5.0 (X11; Linux x86_64) AppleWebKit/537.36 (KHTML, like Gecko) Chrome/87.0.4280.88 Safari/537.36"
::1 - - [07/Dec/2020:13:32:34 +0700] "GET /lesson1_Web_App/%20display-a-list-of-customers/ HTTP/1.1" 200 865 "http://localhost/lesson1_Web_App/" "Mozilla/5.0 (X11; Linux x86_64) AppleWebKit/537.36 (KHTML, like Gecko) Chrome/87.0.4280.88 Safari/537.36"
::1 - - [07/Dec/2020:13:32:34 +0700] "GET /lesson1_Web_App/%20display-a-list-of-customers/images/img3.jpg HTTP/1.1" 200 155996 "http://localhost/lesson1_Web_App/%20display-a-list-of-customers/" "Mozilla/5.0 (X11; Linux x86_64) AppleWebKit/537.36 (KHTML, like Gecko) Chrome/87.0.4280.88 Safari/537.36"
::1 - - [07/Dec/2020:13:32:34 +0700] "GET /lesson1_Web_App/%20display-a-list-of-customers/images/img4.jpg HTTP/1.1" 200 126085 "http://localhost/lesson1_Web_App/%20display-a-list-of-customers/" "Mozilla/5.0 (X11; Linux x86_64) AppleWebKit/537.36 (KHTML, like Gecko) Chrome/87.0.4280.88 Safari/537.36"
::1 - - [07/Dec/2020:13:32:34 +0700] "GET /lesson1_Web_App/%20display-a-list-of-customers/images/img5.jpg HTTP/1.1" 200 250519 "http://localhost/lesson1_Web_App/%20display-a-list-of-customers/" "Mozilla/5.0 (X11; Linux x86_64) AppleWebKit/537.36 (KHTML, like Gecko) Chrome/87.0.4280.88 Safari/537.36"
::1 - - [07/Dec/2020:13:33:14 +0700] "GET /lesson1_Web_App/%20display-a-list-of-customers/ HTTP/1.1" 200 873 "http://localhost/lesson1_Web_App/" "Mozilla/5.0 (X11; Linux x86_64) AppleWebKit/537.36 (KHTML, like Gecko) Chrome/87.0.4280.88 Safari/537.36"
::1 - - [07/Dec/2020:13:33:15 +0700] "GET /lesson1_Web_App/%20display-a-list-of-customers/ HTTP/1.1" 200 872 "http://localhost/lesson1_Web_App/" "Mozilla/5.0 (X11; Linux x86_64) AppleWebKit/537.36 (KHTML, like Gecko) Chrome/87.0.4280.88 Safari/537.36"
::1 - - [07/Dec/2020:13:34:06 +0700] "-" 408 0 "-" "-"
::1 - - [07/Dec/2020:13:34:51 +0700] "GET /lesson1_Web_App/%20display-a-list-of-customers/ HTTP/1.1" 200 801 "http://localhost/lesson1_Web_App/" "Mozilla/5.0 (X11; Linux x86_64) AppleWebKit/537.36 (KHTML, like Gecko) Chrome/87.0.4280.88 Safari/537.36"
::1 - - [07/Dec/2020:13:35:42 +0700] "-" 408 0 "-" "-"
::1 - - [07/Dec/2020:13:37:12 +0700] "GET /lesson1_Web_App/Simple-Dictionary-application/ HTTP/1.1" 404 488 "-" "Mozilla/5.0 (X11; Linux x86_64) AppleWebKit/537.36 (KHTML, like Gecko) Chrome/87.0.4280.88 Safari/537.36"
::1 - - [07/Dec/2020:13:37:18 +0700] "GET /lesson1_Web_App/Simple-Dictionary-application HTTP/1.1" 404 488 "-" "Mozilla/5.0 (X11; Linux x86_64) AppleWebKit/537.36 (KHTML, like Gecko) Chrome/87.0.4280.88 Safari/537.36"
::1 - - [07/Dec/2020:13:38:09 +0700] "-" 408 0 "-" "-"
::1 - - [07/Dec/2020:13:38:31 +0700] "-" 408 0 "-" "-"
::1 - - [07/Dec/2020:13:38:34 +0700] "GET /lesson1_Web_App/Simple-Dictionary-application HTTP/1.1" 404 488 "-" "Mozilla/5.0 (X11; Linux x86_64) AppleWebKit/537.36 (KHTML, like Gecko) Chrome/87.0.4280.88 Safari/537.36"
::1 - - [07/Dec/2020:13:38:44 +0700] "GET /lesson1_Web_App/Simple-Dictionary-application/index.php HTTP/1.1" 404 488 "-" "Mozilla/5.0 (X11; Linux x86_64) AppleWebKit/537.36 (KHTML, like Gecko) Chrome/87.0.4280.88 Safari/537.36"
::1 - - [07/Dec/2020:13:39:35 +0700] "-" 408 0 "-" "-"
::1 - - [07/Dec/2020:13:40:36 +0700] "GET /lesson1_Web_App/Simple-Dictionary-application/index.php HTTP/1.1" 404 488 "-" "Mozilla/5.0 (X11; Linux x86_64) AppleWebKit/537.36 (KHTML, like Gecko) Chrome/87.0.4280.88 Safari/537.36"
::1 - - [07/Dec/2020:13:40:37 +0700] "GET /lesson1_Web_App/Simple-Dictionary-application/index.php HTTP/1.1" 404 487 "-" "Mozilla/5.0 (X11; Linux x86_64) AppleWebKit/537.36 (KHTML, like Gecko) Chrome/87.0.4280.88 Safari/537.36"
::1 - - [07/Dec/2020:13:40:37 +0700] "GET /lesson1_Web_App/Simple-Dictionary-application/index.php HTTP/1.1" 404 487 "-" "Mozilla/5.0 (X11; Linux x86_64) AppleWebKit/537.36 (KHTML, like Gecko) Chrome/87.0.4280.88 Safari/537.36"
::1 - - [07/Dec/2020:13:40:37 +0700] "GET /lesson1_Web_App/Simple-Dictionary-application/index.php HTTP/1.1" 404 487 "-" "Mozilla/5.0 (X11; Linux x86_64) AppleWebKit/537.36 (KHTML, like Gecko) Chrome/87.0.4280.88 Safari/537.36"
::1 - - [07/Dec/2020:13:40:37 +0700] "GET /lesson1_Web_App/Simple-Dictionary-application/index.php HTTP/1.1" 404 487 "-" "Mozilla/5.0 (X11; Linux x86_64) AppleWebKit/537.36 (KHTML, like Gecko) Chrome/87.0.4280.88 Safari/537.36"
::1 - - [07/Dec/2020:13:40:37 +0700] "GET /lesson1_Web_App/Simple-Dictionary-application/index.php HTTP/1.1" 404 487 "-" "Mozilla/5.0 (X11; Linux x86_64) AppleWebKit/537.36 (KHTML, like Gecko) Chrome/87.0.4280.88 Safari/537.36"
::1 - - [07/Dec/2020:13:40:45 +0700] "GET /lesson1_Web_App/ HTTP/1.1" 200 790 "-" "Mozilla/5.0 (X11; Linux x86_64) AppleWebKit/537.36 (KHTML, like Gecko) Chrome/87.0.4280.88 Safari/537.36"
::1 - - [07/Dec/2020:13:40:46 +0700] "GET /lesson1_Web_App/%20Simple-Dictionary-application/ HTTP/1.1" 200 681 "http://localhost/lesson1_Web_App/" "Mozilla/5.0 (X11; Linux x86_64) AppleWebKit/537.36 (KHTML, like Gecko) Chrome/87.0.4280.88 Safari/537.36"
::1 - - [07/Dec/2020:13:41:00 +0700] "GET /lesson1_Web_App/%20Simple-Dictionary-application/ HTTP/1.1" 200 682 "http://localhost/lesson1_Web_App/" "Mozilla/5.0 (X11; Linux x86_64) AppleWebKit/537.36 (KHTML, like Gecko) Chrome/87.0.4280.88 Safari/537.36"
::1 - - [07/Dec/2020:13:41:08 +0700] "POST /lesson1_Web_App/%20Simple-Dictionary-application/index.php HTTP/1.1" 200 703 "http://localhost/lesson1_Web_App/%20Simple-Dictionary-application/" "Mozilla/5.0 (X11; Linux x86_64) AppleWebKit/537.36 (KHTML, like Gecko) Chrome/87.0.4280.88 Safari/537.36"
::1 - - [07/Dec/2020:13:41:21 +0700] "POST /lesson1_Web_App/%20Simple-Dictionary-application/index.php HTTP/1.1" 200 717 "http://localhost/lesson1_Web_App/%20Simple-Dictionary-application/index.php" "Mozilla/5.0 (X11; Linux x86_64) AppleWebKit/537.36 (KHTML, like Gecko) Chrome/87.0.4280.88 Safari/537.36"
::1 - - [07/Dec/2020:13:42:13 +0700] "-" 408 0 "-" "-"
::1 - - [07/Dec/2020:13:47:07 +0700] "-" 408 0 "-" "-"
::1 - - [07/Dec/2020:13:47:07 +0700] "-" 408 0 "-" "-"
::1 - - [07/Dec/2020:14:12:40 +0700] "GET /lesson1_Web_App/Simple-Dictionary-application/ HTTP/1.1" 404 488 "-" "Mozilla/5.0 (X11; Linux x86_64) AppleWebKit/537.36 (KHTML, like Gecko) Chrome/87.0.4280.88 Safari/537.36"
::1 - - [07/Dec/2020:14:13:32 +0700] "-" 408 0 "-" "-"
::1 - - [07/Dec/2020:14:13:37 +0700] "GET /lesson1_Web_App/Simple-Dictionary-application/index_GET HTTP/1.1" 404 488 "-" "Mozilla/5.0 (X11; Linux x86_64) AppleWebKit/537.36 (KHTML, like Gecko) Chrome/87.0.4280.88 Safari/537.36"
::1 - - [07/Dec/2020:14:13:41 +0700] "GET /lesson1_Web_App/Simple-Dictionary-application/index_GET HTTP/1.1" 404 487 "-" "Mozilla/5.0 (X11; Linux x86_64) AppleWebKit/537.36 (KHTML, like Gecko) Chrome/87.0.4280.88 Safari/537.36"
::1 - - [07/Dec/2020:14:13:41 +0700] "GET /lesson1_Web_App/Simple-Dictionary-application/index_GET HTTP/1.1" 404 487 "-" "Mozilla/5.0 (X11; Linux x86_64) AppleWebKit/537.36 (KHTML, like Gecko) Chrome/87.0.4280.88 Safari/537.36"
::1 - - [07/Dec/2020:14:13:42 +0700] "GET /lesson1_Web_App/Simple-Dictionary-application/index_GET HTTP/1.1" 404 487 "-" "Mozilla/5.0 (X11; Linux x86_64) AppleWebKit/537.36 (KHTML, like Gecko) Chrome/87.0.4280.88 Safari/537.36"
::1 - - [07/Dec/2020:14:13:42 +0700] "GET /lesson1_Web_App/Simple-Dictionary-application/index_GET HTTP/1.1" 404 487 "-" "Mozilla/5.0 (X11; Linux x86_64) AppleWebKit/537.36 (KHTML, like Gecko) Chrome/87.0.4280.88 Safari/537.36"
::1 - - [07/Dec/2020:14:13:42 +0700] "GET /lesson1_Web_App/Simple-Dictionary-application/index_GET HTTP/1.1" 404 487 "-" "Mozilla/5.0 (X11; Linux x86_64) AppleWebKit/537.36 (KHTML, like Gecko) Chrome/87.0.4280.88 Safari/537.36"
::1 - - [07/Dec/2020:14:13:42 +0700] "GET /lesson1_Web_App/Simple-Dictionary-application/index_GET HTTP/1.1" 404 487 "-" "Mozilla/5.0 (X11; Linux x86_64) AppleWebKit/537.36 (KHTML, like Gecko) Chrome/87.0.4280.88 Safari/537.36"
::1 - - [07/Dec/2020:14:14:29 +0700] "-" 408 0 "-" "-"
::1 - - [07/Dec/2020:16:08:24 +0700] "GET /l1-baitap/Application-that-reads-number-into-words HTTP/1.1" 404 488 "-" "Mozilla/5.0 (X11; Linux x86_64) AppleWebKit/537.36 (KHTML, like Gecko) Chrome/87.0.4280.88 Safari/537.36"
::1 - - [07/Dec/2020:16:09:02 +0700] "GET /l1-baitap/Application-that-reads-number-into-words HTTP/1.1" 404 488 "-" "Mozilla/5.0 (X11; Linux x86_64) AppleWebKit/537.36 (KHTML, like Gecko) Chrome/87.0.4280.88 Safari/537.36"
::1 - - [07/Dec/2020:16:09:03 +0700] "GET /l1-baitap/Application-that-reads-number-into-words HTTP/1.1" 404 487 "-" "Mozilla/5.0 (X11; Linux x86_64) AppleWebKit/537.36 (KHTML, like Gecko) Chrome/87.0.4280.88 Safari/537.36"
::1 - - [07/Dec/2020:16:09:03 +0700] "GET /l1-baitap/Application-that-reads-number-into-words HTTP/1.1" 404 487 "-" "Mozilla/5.0 (X11; Linux x86_64) AppleWebKit/537.36 (KHTML, like Gecko) Chrome/87.0.4280.88 Safari/537.36"
::1 - - [07/Dec/2020:16:09:03 +0700] "GET /l1-baitap/Application-that-reads-number-into-words HTTP/1.1" 404 487 "-" "Mozilla/5.0 (X11; Linux x86_64) AppleWebKit/537.36 (KHTML, like Gecko) Chrome/87.0.4280.88 Safari/537.36"
::1 - - [07/Dec/2020:16:09:03 +0700] "GET /l1-baitap/Application-that-reads-number-into-words HTTP/1.1" 404 487 "-" "Mozilla/5.0 (X11; Linux x86_64) AppleWebKit/537.36 (KHTML, like Gecko) Chrome/87.0.4280.88 Safari/537.36"
::1 - - [07/Dec/2020:16:09:04 +0700] "GET /l1-baitap/Application-that-reads-number-into-words HTTP/1.1" 404 487 "-" "Mozilla/5.0 (X11; Linux x86_64) AppleWebKit/537.36 (KHTML, like Gecko) Chrome/87.0.4280.88 Safari/537.36"
::1 - - [07/Dec/2020:16:09:04 +0700] "GET /l1-baitap/Application-that-reads-number-into-words HTTP/1.1" 404 487 "-" "Mozilla/5.0 (X11; Linux x86_64) AppleWebKit/537.36 (KHTML, like Gecko) Chrome/87.0.4280.88 Safari/537.36"
::1 - - [07/Dec/2020:16:09:04 +0700] "GET /l1-baitap/Application-that-reads-number-into-words HTTP/1.1" 404 487 "-" "Mozilla/5.0 (X11; Linux x86_64) AppleWebKit/537.36 (KHTML, like Gecko) Chrome/87.0.4280.88 Safari/537.36"
::1 - - [07/Dec/2020:16:09:37 +0700] "GET /l1-baitap/ HTTP/1.1" 200 726 "-" "Mozilla/5.0 (X11; Linux x86_64) AppleWebKit/537.36 (KHTML, like Gecko) Chrome/87.0.4280.88 Safari/537.36"
::1 - - [07/Dec/2020:16:09:39 +0700] "GET /l1-baitap/%20Application-that-reads-numbers-into-words/ HTTP/1.1" 200 685 "http://localhost/l1-baitap/" "Mozilla/5.0 (X11; Linux x86_64) AppleWebKit/537.36 (KHTML, like Gecko) Chrome/87.0.4280.88 Safari/537.36"
::1 - - [07/Dec/2020:16:09:49 +0700] "POST /l1-baitap/%20Application-that-reads-numbers-into-words/index.php HTTP/1.1" 200 686 "http://localhost/l1-baitap/%20Application-that-reads-numbers-into-words/" "Mozilla/5.0 (X11; Linux x86_64) AppleWebKit/537.36 (KHTML, like Gecko) Chrome/87.0.4280.88 Safari/537.36"
::1 - - [07/Dec/2020:16:10:41 +0700] "-" 408 0 "-" "-"
::1 - - [07/Dec/2020:16:10:46 +0700] "POST /l1-baitap/%20Application-that-reads-numbers-into-words/index.php HTTP/1.1" 404 488 "http://localhost/l1-baitap/%20Application-that-reads-numbers-into-words/" "Mozilla/5.0 (X11; Linux x86_64) AppleWebKit/537.36 (KHTML, like Gecko) Chrome/87.0.4280.88 Safari/537.36"
::1 - - [07/Dec/2020:16:10:52 +0700] "GET /l1-baitap/%20Application-that-reads-numbers-into-words/index.php HTTP/1.1" 404 488 "-" "Mozilla/5.0 (X11; Linux x86_64) AppleWebKit/537.36 (KHTML, like Gecko) Chrome/87.0.4280.88 Safari/537.36"
::1 - - [07/Dec/2020:16:11:03 +0700] "GET /l1-baitap/Application-that-reads-numbers-into-words/index.php HTTP/1.1" 200 686 "-" "Mozilla/5.0 (X11; Linux x86_64) AppleWebKit/537.36 (KHTML, like Gecko) Chrome/87.0.4280.88 Safari/537.36"
::1 - - [07/Dec/2020:16:11:54 +0700] "-" 408 0 "-" "-"
::1 - - [09/Dec/2020:08:34:22 +0700] "GET /Lesson_2/bai-tap HTTP/1.1" 404 488 "-" "Mozilla/5.0 (X11; Linux x86_64) AppleWebKit/537.36 (KHTML, like Gecko) Chrome/87.0.4280.88 Safari/537.36"
::1 - - [09/Dec/2020:08:34:22 +0700] "GET /favicon.ico HTTP/1.1" 404 487 "http://localhost/Lesson_2/bai-tap" "Mozilla/5.0 (X11; Linux x86_64) AppleWebKit/537.36 (KHTML, like Gecko) Chrome/87.0.4280.88 Safari/537.36"
::1 - - [09/Dec/2020:08:34:42 +0700] "GET /Lesson_2/bai-tao HTTP/1.1" 301 588 "-" "Mozilla/5.0 (X11; Linux x86_64) AppleWebKit/537.36 (KHTML, like Gecko) Chrome/87.0.4280.88 Safari/537.36"
::1 - - [09/Dec/2020:08:34:42 +0700] "GET /Lesson_2/bai-tao/ HTTP/1.1" 200 729 "-" "Mozilla/5.0 (X11; Linux x86_64) AppleWebKit/537.36 (KHTML, like Gecko) Chrome/87.0.4280.88 Safari/537.36"
::1 - - [09/Dec/2020:08:34:42 +0700] "GET /icons/unknown.gif HTTP/1.1" 200 528 "http://localhost/Lesson_2/bai-tao/" "Mozilla/5.0 (X11; Linux x86_64) AppleWebKit/537.36 (KHTML, like Gecko) Chrome/87.0.4280.88 Safari/537.36"
::1 - - [09/Dec/2020:08:35:00 +0700] "GET /Lesson_2/bai-tao/ HTTP/1.1" 404 488 "-" "Mozilla/5.0 (X11; Linux x86_64) AppleWebKit/537.36 (KHTML, like Gecko) Chrome/87.0.4280.88 Safari/537.36"
::1 - - [09/Dec/2020:08:35:05 +0700] "GET /Lesson_2/bai-tap/ HTTP/1.1" 200 729 "-" "Mozilla/5.0 (X11; Linux x86_64) AppleWebKit/537.36 (KHTML, like Gecko) Chrome/87.0.4280.88 Safari/537.36"
::1 - - [09/Dec/2020:08:35:07 +0700] "GET /Lesson_2/bai-tap/Product-Discount-Calculator.php HTTP/1.1" 200 800 "http://localhost/Lesson_2/bai-tap/" "Mozilla/5.0 (X11; Linux x86_64) AppleWebKit/537.36 (KHTML, like Gecko) Chrome/87.0.4280.88 Safari/537.36"
::1 - - [09/Dec/2020:08:35:25 +0700] "POST /Lesson_2/bai-tap/Product-Discount-Calculator.php HTTP/1.1" 200 849 "http://localhost/Lesson_2/bai-tap/Product-Discount-Calculator.php" "Mozilla/5.0 (X11; Linux x86_64) AppleWebKit/537.36 (KHTML, like Gecko) Chrome/87.0.4280.88 Safari/537.36"
::1 - - [09/Dec/2020:08:36:16 +0700] "-" 408 0 "-" "-"
::1 - - [09/Dec/2020:09:08:07 +0700] "GET /Lesson_2/bai-tap/ HTTP/1.1" 200 730 "-" "Mozilla/5.0 (X11; Linux x86_64) AppleWebKit/537.36 (KHTML, like Gecko) Chrome/87.0.4280.88 Safari/537.36"
::1 - - [09/Dec/2020:09:08:08 +0700] "GET /Lesson_2/bai-tap/Product-Discount-Calculator.php HTTP/1.1" 200 800 "http://localhost/Lesson_2/bai-tap/" "Mozilla/5.0 (X11; Linux x86_64) AppleWebKit/537.36 (KHTML, like Gecko) Chrome/87.0.4280.88 Safari/537.36"
::1 - - [09/Dec/2020:09:08:19 +0700] "POST /Lesson_2/bai-tap/Product-Discount-Calculator.php HTTP/1.1" 200 849 "http://localhost/Lesson_2/bai-tap/Product-Discount-Calculator.php" "Mozilla/5.0 (X11; Linux x86_64) AppleWebKit/537.36 (KHTML, like Gecko) Chrome/87.0.4280.88 Safari/537.36"
::1 - - [09/Dec/2020:09:09:11 +0700] "-" 408 0 "-" "-"
::1 - - [09/Dec/2020:09:40:48 +0700] "POST /Lesson_2/bai-tap/Product-Discount-Calculator.php HTTP/1.1" 200 733 "http://localhost/Lesson_2/bai-tap/Product-Discount-Calculator.php" "Mozilla/5.0 (X11; Linux x86_64) AppleWebKit/537.36 (KHTML, like Gecko) Chrome/87.0.4280.88 Safari/537.36"
::1 - - [09/Dec/2020:09:41:18 +0700] "POST /Lesson_2/bai-tap/Product-Discount-Calculator.php HTTP/1.1" 200 739 "http://localhost/Lesson_2/bai-tap/Product-Discount-Calculator.php" "Mozilla/5.0 (X11; Linux x86_64) AppleWebKit/537.36 (KHTML, like Gecko) Chrome/87.0.4280.88 Safari/537.36"
::1 - - [09/Dec/2020:09:41:46 +0700] "POST /Lesson_2/bai-tap/Product-Discount-Calculator.php HTTP/1.1" 200 739 "http://localhost/Lesson_2/bai-tap/Product-Discount-Calculator.php" "Mozilla/5.0 (X11; Linux x86_64) AppleWebKit/537.36 (KHTML, like Gecko) Chrome/87.0.4280.88 Safari/537.36"
::1 - - [09/Dec/2020:09:42:37 +0700] "-" 408 0 "-" "-"
::1 - - [09/Dec/2020:09:43:11 +0700] "POST /Lesson_2/bai-tap/Product-Discount-Calculator.php HTTP/1.1" 200 733 "http://localhost/Lesson_2/bai-tap/Product-Discount-Calculator.php" "Mozilla/5.0 (X11; Linux x86_64) AppleWebKit/537.36 (KHTML, like Gecko) Chrome/87.0.4280.88 Safari/537.36"
::1 - - [09/Dec/2020:09:43:20 +0700] "POST /Lesson_2/bai-tap/Product-Discount-Calculator.php HTTP/1.1" 200 733 "http://localhost/Lesson_2/bai-tap/Product-Discount-Calculator.php" "Mozilla/5.0 (X11; Linux x86_64) AppleWebKit/537.36 (KHTML, like Gecko) Chrome/87.0.4280.88 Safari/537.36"
::1 - - [09/Dec/2020:09:43:22 +0700] "POST /Lesson_2/bai-tap/Product-Discount-Calculator.php HTTP/1.1" 200 732 "http://localhost/Lesson_2/bai-tap/Product-Discount-Calculator.php" "Mozilla/5.0 (X11; Linux x86_64) AppleWebKit/537.36 (KHTML, like Gecko) Chrome/87.0.4280.88 Safari/537.36"
::1 - - [09/Dec/2020:09:43:31 +0700] "POST /Lesson_2/bai-tap/Product-Discount-Calculator.php HTTP/1.1" 200 734 "http://localhost/Lesson_2/bai-tap/Product-Discount-Calculator.php" "Mozilla/5.0 (X11; Linux x86_64) AppleWebKit/537.36 (KHTML, like Gecko) Chrome/87.0.4280.88 Safari/537.36"
::1 - - [09/Dec/2020:09:43:47 +0700] "POST /Lesson_2/bai-tap/Product-Discount-Calculator.php HTTP/1.1" 200 736 "http://localhost/Lesson_2/bai-tap/Product-Discount-Calculator.php" "Mozilla/5.0 (X11; Linux x86_64) AppleWebKit/537.36 (KHTML, like Gecko) Chrome/87.0.4280.88 Safari/537.36"
::1 - - [09/Dec/2020:09:44:39 +0700] "-" 408 0 "-" "-"
::1 - - [09/Dec/2020:09:50:11 +0700] "POST /Lesson_2/bai-tap/Product-Discount-Calculator.php HTTP/1.1" 200 749 "http://localhost/Lesson_2/bai-tap/Product-Discount-Calculator.php" "Mozilla/5.0 (X11; Linux x86_64) AppleWebKit/537.36 (KHTML, like Gecko) Chrome/87.0.4280.88 Safari/537.36"
::1 - - [09/Dec/2020:09:50:20 +0700] "POST /Lesson_2/bai-tap/Product-Discount-Calculator.php HTTP/1.1" 200 749 "http://localhost/Lesson_2/bai-tap/Product-Discount-Calculator.php" "Mozilla/5.0 (X11; Linux x86_64) AppleWebKit/537.36 (KHTML, like Gecko) Chrome/87.0.4280.88 Safari/537.36"
::1 - - [09/Dec/2020:09:50:21 +0700] "POST /Lesson_2/bai-tap/Product-Discount-Calculator.php HTTP/1.1" 200 741 "http://localhost/Lesson_2/bai-tap/Product-Discount-Calculator.php" "Mozilla/5.0 (X11; Linux x86_64) AppleWebKit/537.36 (KHTML, like Gecko) Chrome/87.0.4280.88 Safari/537.36"
::1 - - [09/Dec/2020:09:50:21 +0700] "POST /Lesson_2/bai-tap/Product-Discount-Calculator.php HTTP/1.1" 200 741 "http://localhost/Lesson_2/bai-tap/Product-Discount-Calculator.php" "Mozilla/5.0 (X11; Linux x86_64) AppleWebKit/537.36 (KHTML, like Gecko) Chrome/87.0.4280.88 Safari/537.36"
::1 - - [09/Dec/2020:09:50:30 +0700] "POST /Lesson_2/bai-tap/Product-Discount-Calculator.php HTTP/1.1" 200 745 "http://localhost/Lesson_2/bai-tap/Product-Discount-Calculator.php" "Mozilla/5.0 (X11; Linux x86_64) AppleWebKit/537.36 (KHTML, like Gecko) Chrome/87.0.4280.88 Safari/537.36"
::1 - - [09/Dec/2020:09:51:21 +0700] "-" 408 0 "-" "-"
::1 - - [09/Dec/2020:09:52:32 +0700] "POST /Lesson_2/bai-tap/Product-Discount-Calculator.php HTTP/1.1" 200 745 "http://localhost/Lesson_2/bai-tap/Product-Discount-Calculator.php" "Mozilla/5.0 (X11; Linux x86_64) AppleWebKit/537.36 (KHTML, like Gecko) Chrome/87.0.4280.88 Safari/537.36"
::1 - - [09/Dec/2020:09:53:23 +0700] "-" 408 0 "-" "-"
::1 - - [09/Dec/2020:09:53:40 +0700] "POST /Lesson_2/bai-tap/Product-Discount-Calculator.php HTTP/1.1" 200 750 "http://localhost/Lesson_2/bai-tap/Product-Discount-Calculator.php" "Mozilla/5.0 (X11; Linux x86_64) AppleWebKit/537.36 (KHTML, like Gecko) Chrome/87.0.4280.88 Safari/537.36"
::1 - - [09/Dec/2020:09:54:32 +0700] "-" 408 0 "-" "-"
